0 info it worked if it ends with ok
1 verbose cli [ '/usr/local/bin/node', '/usr/local/bin/npm', 'run', 'test' ]
2 info using npm@4.1.2
3 info using node@v7.5.0
4 verbose run-script [ 'pretest', 'test', 'posttest' ]
5 info lifecycle vue-image-uploader@0.1.6~pretest: vue-image-uploader@0.1.6
6 silly lifecycle vue-image-uploader@0.1.6~pretest: no script for pretest, continuing
7 info lifecycle vue-image-uploader@0.1.6~test: vue-image-uploader@0.1.6
8 verbose lifecycle vue-image-uploader@0.1.6~test: unsafe-perm in lifecycle true
9 verbose lifecycle vue-image-uploader@0.1.6~test: PATH: /usr/local/lib/node_modules/npm/bin/node-gyp-bin:/Users/jump/GitHub/vue-image-uploader/node_modules/.bin:/Users/jump/.rvm/gems/ruby-2.4.2/bin:/Users/jump/.rvm/gems/ruby-2.4.2@global/bin:/Users/jump/.rvm/rubies/ruby-2.4.2/bin:/Users/jump/bin/Sencha/Cmd/4.0.5.87:/usr/local/bin:/usr/bin:/bin:/usr/sbin:/sbin:/Users/jump/.rvm/gems/ruby-2.4.2/bin:/Users/jump/.rvm/gems/ruby-2.4.2@global/bin:/Users/jump/.rvm/rubies/ruby-2.4.2/bin:/Users/jump/bin/Sencha/Cmd/4.0.5.87:/Users/jump/.rvm/bin
10 verbose lifecycle vue-image-uploader@0.1.6~test: CWD: /Users/jump/GitHub/vue-image-uploader
11 silly lifecycle vue-image-uploader@0.1.6~test: Args: [ '-c', 'open http://localhost:3000/ && node ./server.js' ]
12 silly lifecycle vue-image-uploader@0.1.6~test: Returned: code: 1  signal: null
13 info lifecycle vue-image-uploader@0.1.6~test: Failed to exec test script
14 verbose stack Error: vue-image-uploader@0.1.6 test: `open http://localhost:3000/ && node ./server.js`
14 verbose stack Exit status 1
14 verbose stack     at EventEmitter.<anonymous> (/usr/local/lib/node_modules/npm/lib/utils/lifecycle.js:279:16)
14 verbose stack     at emitTwo (events.js:106:13)
14 verbose stack     at EventEmitter.emit (events.js:192:7)
14 verbose stack     at ChildProcess.<anonymous> (/usr/local/lib/node_modules/npm/lib/utils/spawn.js:40:14)
14 verbose stack     at emitTwo (events.js:106:13)
14 verbose stack     at ChildProcess.emit (events.js:192:7)
14 verbose stack     at maybeClose (internal/child_process.js:890:16)
14 verbose stack     at Process.ChildProcess._handle.onexit (internal/child_process.js:226:5)
15 verbose pkgid vue-image-uploader@0.1.6
16 verbose cwd /Users/jump/GitHub/vue-image-uploader
17 error Darwin 16.7.0
18 error argv "/usr/local/bin/node" "/usr/local/bin/npm" "run" "test"
19 error node v7.5.0
20 error npm  v4.1.2
21 error code ELIFECYCLE
22 error vue-image-uploader@0.1.6 test: `open http://localhost:3000/ && node ./server.js`
22 error Exit status 1
23 error Failed at the vue-image-uploader@0.1.6 test script 'open http://localhost:3000/ && node ./server.js'.
23 error Make sure you have the latest version of node.js and npm installed.
23 error If you do, this is most likely a problem with the vue-image-uploader package,
23 error not with npm itself.
23 error Tell the author that this fails on your system:
23 error     open http://localhost:3000/ && node ./server.js
23 error You can get information on how to open an issue for this project with:
23 error     npm bugs vue-image-uploader
23 error Or if that isn't available, you can get their info via:
23 error     npm owner ls vue-image-uploader
23 error There is likely additional logging output above.
24 verbose exit [ 1, true ]
